*** Using Compiler 'V5.06 update 6 (build 750)', folder: 'C:\Keil_v5\ARM\ARMCC\Bin'
Build target 'LED'
compiling main.c...
main.c(43): error:  #254: type name is not allowed
  	for(u8 i=0;i<hour;i++)
main.c(43): error:  #65: expected a ";"
  	for(u8 i=0;i<hour;i++)
main.c(43): error:  #20: identifier "i" is undefined
  	for(u8 i=0;i<hour;i++)
main.c(51): error:  #254: type name is not allowed
  	for(u8 i=0;i<min;i++)
main.c(51): error:  #65: expected a ";"
  	for(u8 i=0;i<min;i++)
main.c(51): error:  #20: identifier "i" is undefined
  	for(u8 i=0;i<min;i++)
main.c(59): error:  #254: type name is not allowed
  	for(u8 i=0;i<sec;i++)
main.c(59): error:  #65: expected a ";"
  	for(u8 i=0;i<sec;i++)
main.c(59): error:  #20: identifier "i" is undefined
  	for(u8 i=0;i<sec;i++)
main.c(66): warning:  #1-D: last line of file ends without a newline
  }
main.c: 1 warning, 9 errors
"..\OBJ\LED.axf" - 9 Error(s), 1 Warning(s).
Target not created.
Build Time Elapsed:  00:00:01
